# JRE version: OpenJDK Runtime Environment (8.0_131-b11) (build 1.8.0_131-8u131-b11-2ubuntu1.16.04.3-b11)
# Java VM: OpenJDK 64-Bit Server VM (25.131-b11 mixed mode linux-amd64 compressed oops)
Heap:
 PSYoungGen      total 196096K, used 0K [0x00000000eb700000, 0x00000000ff980000, 0x0000000100000000)
  eden space 154624K, 0% used [0x00000000eb700000,0x00000000eb700000,0x00000000f4e00000)
  from space 41472K, 0% used [0x00000000f8880000,0x00000000f8880000,0x00000000fb100000)
  to   space 59904K, 99% used [0x00000000f4e00000,0x00000000f87f1800,0x00000000f8880000)
 ParOldGen       total 149504K, used 149059K [0x00000000c2400000, 0x00000000cb600000, 0x00000000eb700000)
  object space 149504K, 99% used [0x00000000c2400000,0x00000000cb590e58,0x00000000cb600000)
 Metaspace       used 7278K, capacity 7578K, committed 7808K, reserved 1056768K
  class space    used 785K, capacity 874K, committed 896K, reserved 1048576K
GC Heap History (10 events):
Event: 5.700 GC heap after
Heap after GC invocations=7 (full 1):
 PSYoungGen      total 111616K, used 15808K [0x00000000eb700000, 0x00000000f5500000, 0x0000000100000000)
  eden space 95744K, 0% used [0x00000000eb700000,0x00000000eb700000,0x00000000f1480000)
  from space 15872K, 99% used [0x00000000f4580000,0x00000000f54f0030,0x00000000f5500000)
  to   space 20992K, 0% used [0x00000000f2c00000,0x00000000f2c00000,0x00000000f4080000)
 ParOldGen       total 65536K, used 25177K [0x00000000c2400000, 0x00000000c6400000, 0x00000000eb700000)
  object space 65536K, 38% used [0x00000000c2400000,0x00000000c3c966d0,0x00000000c6400000)
 Metaspace       used 7002K, capacity 7210K, committed 7296K, reserved 1056768K
  class space    used 761K, capacity 826K, committed 896K, reserved 1048576K
}
Event: 6.557 GC heap before
{Heap before GC invocations=8 (full 1):
 PSYoungGen      total 111616K, used 111552K [0x00000000eb700000, 0x00000000f5500000, 0x0000000100000000)
  eden space 95744K, 100% used [0x00000000eb700000,0x00000000f1480000,0x00000000f1480000)
  from space 15872K, 99% used [0x00000000f4580000,0x00000000f54f0030,0x00000000f5500000)
  to   space 20992K, 0% used [0x00000000f2c00000,0x00000000f2c00000,0x00000000f4080000)
 ParOldGen       total 65536K, used 25177K [0x00000000c2400000, 0x00000000c6400000, 0x00000000eb700000)
  object space 65536K, 38% used [0x00000000c2400000,0x00000000c3c966d0,0x00000000c6400000)
 Metaspace       used 7278K, capacity 7578K, committed 7808K, reserved 1056768K
  class space    used 785K, capacity 874K, committed 896K, reserved 1048576K
Event: 11.496 GC heap after
Heap after GC invocations=8 (full 1):
 PSYoungGen      total 140800K, used 20960K [0x00000000eb700000, 0x00000000fb100000, 0x0000000100000000)
  eden space 119808K, 0% used [0x00000000eb700000,0x00000000eb700000,0x00000000f2c00000)
  from space 20992K, 99% used [0x00000000f2c00000,0x00000000f4078020,0x00000000f4080000)
  to   space 41472K, 0% used [0x00000000f8880000,0x00000000f8880000,0x00000000fb100000)
 ParOldGen       total 65536K, used 58233K [0x00000000c2400000, 0x00000000c6400000, 0x00000000eb700000)
  object space 65536K, 88% used [0x00000000c2400000,0x00000000c5cde6d0,0x00000000c6400000)
 Metaspace       used 7278K, capacity 7578K, committed 7808K, reserved 1056768K
  class space    used 785K, capacity 874K, committed 896K, reserved 1048576K
}
Event: 11.496 GC heap before
{Heap before GC invocations=9 (full 2):
 PSYoungGen      total 140800K, used 20960K [0x00000000eb700000, 0x00000000fb100000, 0x0000000100000000)
  eden space 119808K, 0% used [0x00000000eb700000,0x00000000eb700000,0x00000000f2c00000)
  from space 20992K, 99% used [0x00000000f2c00000,0x00000000f4078020,0x00000000f4080000)
  to   space 41472K, 0% used [0x00000000f8880000,0x00000000f8880000,0x00000000fb100000)
 ParOldGen       total 65536K, used 58233K [0x00000000c2400000, 0x00000000c6400000, 0x00000000eb700000)
  object space 65536K, 88% used [0x00000000c2400000,0x00000000c5cde6d0,0x00000000c6400000)
 Metaspace       used 7278K, capacity 7578K, committed 7808K, reserved 1056768K
  class space    used 785K, capacity 874K, committed 896K, reserved 1048576K
Event: 12.245 GC heap after
Heap after GC invocations=9 (full 2):
 PSYoungGen      total 140800K, used 6106K [0x00000000eb700000, 0x00000000fb100000, 0x0000000100000000)
  eden space 119808K, 0% used [0x00000000eb700000,0x00000000eb700000,0x00000000f2c00000)
  from space 20992K, 29% used [0x00000000f2c00000,0x00000000f31f6820,0x00000000f4080000)
  to   space 41472K, 0% used [0x00000000f8880000,0x00000000f8880000,0x00000000fb100000)
 ParOldGen       total 122880K, used 65074K [0x00000000c2400000, 0x00000000c9c00000, 0x00000000eb700000)
  object space 122880K, 52% used [0x00000000c2400000,0x00000000c638c828,0x00000000c9c00000)
 Metaspace       used 7278K, capacity 7578K, committed 7808K, reserved 1056768K
  class space    used 785K, capacity 874K, committed 896K, reserved 1048576K
}
Event: 12.503 GC heap before
{Heap before GC invocations=10 (full 2):
 PSYoungGen      total 140800K, used 125914K [0x00000000eb700000, 0x00000000fb100000, 0x0000000100000000)
  eden space 119808K, 100% used [0x00000000eb700000,0x00000000f2c00000,0x00000000f2c00000)
  from space 20992K, 29% used [0x00000000f2c00000,0x00000000f31f6820,0x00000000f4080000)
  to   space 41472K, 0% used [0x00000000f8880000,0x00000000f8880000,0x00000000fb100000)
 ParOldGen       total 122880K, used 65074K [0x00000000c2400000, 0x00000000c9c00000, 0x00000000eb700000)
  object space 122880K, 52% used [0x00000000c2400000,0x00000000c638c828,0x00000000c9c00000)
 Metaspace       used 7278K, capacity 7578K, committed 7808K, reserved 1056768K
  class space    used 785K, capacity 874K, committed 896K, reserved 1048576K
Event: 12.848 GC heap after
Heap after GC invocations=10 (full 2):
 PSYoungGen      total 196096K, used 41472K [0x00000000eb700000, 0x00000000ff980000, 0x0000000100000000)
  eden space 154624K, 0% used [0x00000000eb700000,0x00000000eb700000,0x00000000f4e00000)
  from space 41472K, 100% used [0x00000000f8880000,0x00000000fb100000,0x00000000fb100000)
  to   space 59904K, 0% used [0x00000000f4e00000,0x00000000f4e00000,0x00000000f8880000)
 ParOldGen       total 122880K, used 89762K [0x00000000c2400000, 0x00000000c9c00000, 0x00000000eb700000)
  object space 122880K, 73% used [0x00000000c2400000,0x00000000c7ba8828,0x00000000c9c00000)
 Metaspace       used 7278K, capacity 7578K, committed 7808K, reserved 1056768K
  class space    used 785K, capacity 874K, committed 896K, reserved 1048576K
}
Event: 13.349 GC heap before
{Heap before GC invocations=11 (full 2):
 PSYoungGen      total 196096K, used 196096K [0x00000000eb700000, 0x00000000ff980000, 0x0000000100000000)
  eden space 154624K, 100% used [0x00000000eb700000,0x00000000f4e00000,0x00000000f4e00000)
  from space 41472K, 100% used [0x00000000f8880000,0x00000000fb100000,0x00000000fb100000)
  to   space 59904K, 0% used [0x00000000f4e00000,0x00000000f4e00000,0x00000000f8880000)
 ParOldGen       total 122880K, used 89762K [0x00000000c2400000, 0x00000000c9c00000, 0x00000000eb700000)
  object space 122880K, 73% used [0x00000000c2400000,0x00000000c7ba8828,0x00000000c9c00000)
 Metaspace       used 7278K, capacity 7578K, committed 7808K, reserved 1056768K
  class space    used 785K, capacity 874K, committed 896K, reserved 1048576K
Event: 13.916 GC heap after
Heap after GC invocations=11 (full 2):
 PSYoungGen      total 196096K, used 196096K [0x00000000eb700000, 0x00000000ff980000, 0x0000000100000000)
  eden space 154624K, 100% used [0x00000000eb700000,0x00000000f4e00000,0x00000000f4e00000)
  from space 41472K, 100% used [0x00000000f8880000,0x00000000fb100000,0x00000000fb100000)
  to   space 59904K, 100% used [0x00000000f4e00000,0x00000000f8880000,0x00000000f8880000)
 ParOldGen       total 149504K, used 148906K [0x00000000c2400000, 0x00000000cb600000, 0x00000000eb700000)
  object space 149504K, 99% used [0x00000000c2400000,0x00000000cb56a828,0x00000000cb600000)
 Metaspace       used 7278K, capacity 7578K, committed 7808K, reserved 1056768K
  class space    used 785K, capacity 874K, committed 896K, reserved 1048576K
}
Event: 13.922 GC heap before
{Heap before GC invocations=12 (full 3):
 PSYoungGen      total 196096K, used 196096K [0x00000000eb700000, 0x00000000ff980000, 0x0000000100000000)
  eden space 154624K, 100% used [0x00000000eb700000,0x00000000f4e00000,0x00000000f4e00000)
  from space 41472K, 100% used [0x00000000f8880000,0x00000000fb100000,0x00000000fb100000)
  to   space 59904K, 100% used [0x00000000f4e00000,0x00000000f8880000,0x00000000f8880000)
 ParOldGen       total 149504K, used 148906K [0x00000000c2400000, 0x00000000cb600000, 0x00000000eb700000)
  object space 149504K, 99% used [0x00000000c2400000,0x00000000cb56a828,0x00000000cb600000)
 Metaspace       used 7278K, capacity 7578K, committed 7808K, reserved 1056768K
  class space    used 785K, capacity 874K, committed 896K, reserved 1048576K

